<?xml version="1.0" encoding="UTF-8"?>
<!-- Generated by org.testng.reporters.JUnitReportReporter -->
<testsuite hostname="Tripti" name="test.New1" tests="2" failures="0" timestamp="14 Oct 2015 11:05:53 GMT" time="0.001" errors="0">
  <testcase name="fS" time="0.001" classname="test.New1"/>
  <testcase name="fS" time="0.000" classname="test.New1"/>
</testsuite>
